
     Program OPEN_GRID v.6.4.1 starts on 12Feb2022 at 16:38:36 

     This program is part of the open-source Quantum ESPRESSO suite
     for quantum simulation of materials; please cite
         "P. Giannozzi et al., J. Phys.:Condens. Matter 21 395502 (2009);
         "P. Giannozzi et al., J. Phys.:Condens. Matter 29 465901 (2017);
          URL http://www.quantum-espresso.org", 
     in publications or presentations arising from this work. More details at
     http://www.quantum-espresso.org/quote

     Parallel version (MPI), running on     1 processors

     MPI processes distributed on     1 nodes

  Reading nscf_save data

     Reading data from directory:
     ./scratch/dat.save/
     EXX fraction changed:   0.25
     EXX Screening parameter changed:    0.1060000

     IMPORTANT: XC functional enforced from input :
     Exchange-correlation      = HSE ( 1  4 12  4 0 0)
     EXX-fraction              =        0.25
     Any further DFT definition will be discarded
     Please, verify this is what you really want


     G-vector sticks info
     --------------------
     sticks:   dense  smooth     PW     G-vecs:    dense   smooth      PW
     Sum        1003    1003    301                20827    20827    3383


     EXX: setup a grid of 216 q-points centered on each k-point
     (set verbosity='high' to see the list)

     EXX grid:    20827 G-vectors     FFT dimensions: (  40,  40,  40)

     Writing output data file dat_open.save/
     Grid of q-points
     Dimensions:   6   6   6
     Shift:        0   0   0
     List to be put in the .win file of wannier90: (already in crystal/fractionary coordinates):
    0.000000000000000    0.000000000000000    0.000000000000000    0.0046296296
    0.000000000000000    0.000000000000000    0.166666666666674    0.0046296296
    0.000000000000000    0.000000000000000    0.333333333333349    0.0046296296
    0.000000000000000    0.000000000000000   -0.500000000000023    0.0046296296
    0.000000000000000    0.000000000000000   -0.333333333333349    0.0046296296
    0.000000000000000    0.000000000000000   -0.166666666666674    0.0046296296
    0.000000000000000    0.166666666666674    0.000000000000000    0.0046296296
    0.000000000000000    0.166666666666674    0.166666666666674    0.0046296296
    0.000000000000000    0.166666666666674    0.333333333333349    0.0046296296
    0.000000000000000    0.166666666666674   -0.500000000000023    0.0046296296
    0.000000000000000    0.166666666666674   -0.333333333333349    0.0046296296
    0.000000000000000    0.166666666666674   -0.166666666666674    0.0046296296
    0.000000000000000    0.333333333333349    0.000000000000000    0.0046296296
    0.000000000000000    0.333333333333349    0.166666666666674    0.0046296296
    0.000000000000000    0.333333333333349    0.333333333333349    0.0046296296
    0.000000000000000    0.333333333333349   -0.500000000000023    0.0046296296
    0.000000000000000    0.333333333333349   -0.333333333333349    0.0046296296
    0.000000000000000    0.333333333333349   -0.166666666666674    0.0046296296
    0.000000000000000   -0.500000000000023    0.000000000000000    0.0046296296
    0.000000000000000   -0.500000000000023    0.166666666666674    0.0046296296
    0.000000000000000   -0.500000000000023    0.333333333333349    0.0046296296
    0.000000000000000   -0.500000000000023   -0.500000000000023    0.0046296296
    0.000000000000000    0.500000000000023   -0.333333333333349    0.0046296296
    0.000000000000000    0.500000000000023   -0.166666666666674    0.0046296296
    0.000000000000000   -0.333333333333349    0.000000000000000    0.0046296296
    0.000000000000000   -0.333333333333349    0.166666666666674    0.0046296296
    0.000000000000000   -0.333333333333349    0.333333333333349    0.0046296296
    0.000000000000000   -0.333333333333349    0.500000000000023    0.0046296296
    0.000000000000000   -0.333333333333349   -0.333333333333349    0.0046296296
    0.000000000000000   -0.333333333333349   -0.166666666666674    0.0046296296
    0.000000000000000   -0.166666666666674    0.000000000000000    0.0046296296
    0.000000000000000   -0.166666666666674    0.166666666666674    0.0046296296
    0.000000000000000   -0.166666666666674    0.333333333333349    0.0046296296
    0.000000000000000   -0.166666666666674    0.500000000000023    0.0046296296
    0.000000000000000   -0.166666666666674   -0.333333333333349    0.0046296296
    0.000000000000000   -0.166666666666674   -0.166666666666674    0.0046296296
    0.166666666666674    0.000000000000000    0.000000000000000    0.0046296296
    0.166666666666674    0.000000000000000    0.166666666666674    0.0046296296
    0.166666666666674    0.000000000000000    0.333333333333349    0.0046296296
    0.166666666666674    0.000000000000000   -0.500000000000023    0.0046296296
    0.166666666666674    0.000000000000000   -0.333333333333349    0.0046296296
    0.166666666666674    0.000000000000000   -0.166666666666674    0.0046296296
    0.166666666666674    0.166666666666674    0.000000000000000    0.0046296296
    0.166666666666674    0.166666666666674    0.166666666666674    0.0046296296
    0.166666666666674    0.166666666666674    0.333333333333349    0.0046296296
    0.166666666666674    0.166666666666674    0.500000000000023    0.0046296296
    0.166666666666674    0.166666666666674    0.666666666666698    0.0046296296
    0.166666666666674    0.166666666666674   -0.166666666666674    0.0046296296
    0.166666666666674    0.333333333333349    0.000000000000000    0.0046296296
    0.166666666666674    0.333333333333349    0.166666666666674    0.0046296296
    0.166666666666674    0.333333333333349    0.333333333333349    0.0046296296
    0.166666666666674    0.333333333333349   -0.500000000000023    0.0046296296
    0.166666666666674    0.333333333333349   -0.333333333333349    0.0046296296
    0.166666666666674    0.333333333333349    0.833333333333372    0.0046296296
    0.166666666666674   -0.500000000000023    0.000000000000000    0.0046296296
    0.166666666666674    0.500000000000023    0.166666666666674    0.0046296296
    0.166666666666674   -0.500000000000023    0.333333333333349    0.0046296296
   -0.833333333333372   -0.500000000000023   -0.500000000000023    0.0046296296
    0.166666666666674   -0.500000000000023   -0.333333333333349    0.0046296296
    0.166666666666674    0.500000000000023   -0.166666666666674    0.0046296296
    0.166666666666674   -0.333333333333349    0.000000000000000    0.0046296296
    0.166666666666674    0.666666666666698    0.166666666666674    0.0046296296
    0.166666666666674   -0.333333333333349    0.333333333333349    0.0046296296
    0.166666666666674   -0.333333333333349   -0.500000000000023    0.0046296296
   -0.833333333333372   -0.333333333333349   -0.333333333333349    0.0046296296
    0.166666666666674    0.666666666666698   -0.166666666666674    0.0046296296
    0.166666666666674   -0.166666666666674    0.000000000000000    0.0046296296
    0.166666666666674   -0.166666666666674    0.166666666666674    0.0046296296
    0.166666666666674   -0.166666666666674   -0.666666666666698    0.0046296296
    0.166666666666674   -0.166666666666674    0.500000000000023    0.0046296296
    0.166666666666674   -0.166666666666674    0.666666666666698    0.0046296296
    0.166666666666674   -0.166666666666674   -0.166666666666674    0.0046296296
    0.333333333333349    0.000000000000000    0.000000000000000    0.0046296296
    0.333333333333349    0.000000000000000    0.166666666666674    0.0046296296
    0.333333333333349    0.000000000000000    0.333333333333349    0.0046296296
    0.333333333333349    0.000000000000000   -0.500000000000023    0.0046296296
    0.333333333333349    0.000000000000000   -0.333333333333349    0.0046296296
    0.333333333333349    0.000000000000000   -0.166666666666674    0.0046296296
    0.333333333333349    0.166666666666674    0.000000000000000    0.0046296296
    0.333333333333349    0.166666666666674    0.166666666666674    0.0046296296
    0.333333333333349    0.166666666666674    0.333333333333349    0.0046296296
    0.333333333333349    0.166666666666674   -0.500000000000023    0.0046296296
    0.333333333333349    0.166666666666674   -0.333333333333349    0.0046296296
   -0.666666666666698    0.166666666666674   -0.166666666666674    0.0046296296
    0.333333333333349    0.333333333333349    0.000000000000000    0.0046296296
    0.333333333333349    0.333333333333349    0.166666666666674    0.0046296296
    0.333333333333349    0.333333333333349    0.333333333333349    0.0046296296
    0.333333333333349    0.333333333333349    0.500000000000023    0.0046296296
    0.333333333333349    0.333333333333349    0.666666666666698    0.0046296296
    0.333333333333349    0.333333333333349    0.833333333333372    0.0046296296
    0.333333333333349   -0.500000000000023    0.000000000000000    0.0046296296
    0.333333333333349   -0.500000000000023    0.166666666666674    0.0046296296
    0.333333333333349    0.500000000000023    0.333333333333349    0.0046296296
   -0.666666666666698   -0.500000000000023   -0.500000000000023    0.0046296296
   -0.666666666666697   -0.500000000000023   -0.333333333333349    0.0046296296
   -0.666666666666697   -0.500000000000023   -0.166666666666674    0.0046296296
    0.333333333333349   -0.333333333333349    0.000000000000000    0.0046296296
    0.333333333333349    0.666666666666698    0.166666666666674    0.0046296296
    0.333333333333349    0.666666666666698    0.333333333333349    0.0046296296
   -0.666666666666698   -0.333333333333349   -0.500000000000023    0.0046296296
   -0.666666666666698   -0.333333333333349   -0.333333333333349    0.0046296296
   -0.666666666666698   -0.333333333333349   -0.166666666666674    0.0046296296
    0.333333333333349   -0.166666666666674    0.000000000000000    0.0046296296
    0.333333333333349    0.833333333333372    0.166666666666674    0.0046296296
    0.333333333333349    0.833333333333372    0.333333333333349    0.0046296296
    0.333333333333349   -0.166666666666674    0.500000000000023    0.0046296296
   -0.666666666666697   -0.166666666666674   -0.333333333333349    0.0046296296
   -0.666666666666698   -0.166666666666674   -0.166666666666674    0.0046296296
   -0.500000000000023    0.000000000000000    0.000000000000000    0.0046296296
   -0.500000000000023    0.000000000000000    0.166666666666674    0.0046296296
   -0.500000000000023    0.000000000000000    0.333333333333349    0.0046296296
    0.500000000000023    0.000000000000000    0.500000000000023    0.0046296296
    0.500000000000023    0.000000000000000   -0.333333333333349    0.0046296296
    0.500000000000023    0.000000000000000   -0.166666666666674    0.0046296296
   -0.500000000000023    0.166666666666674    0.000000000000000    0.0046296296
    0.500000000000023    0.166666666666674    0.166666666666674    0.0046296296
   -0.500000000000023   -0.833333333333372   -0.666666666666698    0.0046296296
   -0.500000000000023   -0.833333333333372   -0.500000000000023    0.0046296296
   -0.500000000000023    0.166666666666674   -0.333333333333349    0.0046296296
    0.500000000000023    0.166666666666674   -0.166666666666674    0.0046296296
   -0.500000000000023    0.333333333333349    0.000000000000000    0.0046296296
   -0.500000000000023    0.333333333333349    0.166666666666674    0.0046296296
    0.500000000000023    0.333333333333349    0.333333333333349    0.0046296296
   -0.500000000000023   -0.666666666666698   -0.500000000000023    0.0046296296
   -0.500000000000023   -0.666666666666697   -0.333333333333349    0.0046296296
   -0.500000000000023   -0.666666666666697   -0.166666666666674    0.0046296296
   -0.500000000000023   -0.500000000000023    0.000000000000000    0.0046296296
   -0.500000000000023   -0.500000000000023   -0.833333333333372    0.0046296296
   -0.500000000000023   -0.500000000000023   -0.666666666666698    0.0046296296
    0.500000000000023    0.500000000000023    0.500000000000023    0.0046296296
    0.500000000000023    0.500000000000023    0.666666666666698    0.0046296296
    0.500000000000023    0.500000000000023    0.833333333333372    0.0046296296
    0.500000000000023   -0.333333333333349    0.000000000000000    0.0046296296
    0.500000000000023    0.666666666666697    0.166666666666674    0.0046296296
    0.500000000000023    0.666666666666697    0.333333333333349    0.0046296296
    0.500000000000023    0.666666666666698    0.500000000000023    0.0046296296
   -0.500000000000023   -0.333333333333349   -0.333333333333349    0.0046296296
    0.500000000000023   -0.333333333333349   -0.166666666666674    0.0046296296
    0.500000000000023   -0.166666666666674    0.000000000000000    0.0046296296
   -0.500000000000023   -0.166666666666674    0.166666666666674    0.0046296296
    0.500000000000023   -0.166666666666674    0.333333333333349    0.0046296296
    0.500000000000023    0.833333333333372    0.500000000000023    0.0046296296
    0.500000000000023    0.833333333333372    0.666666666666698    0.0046296296
   -0.500000000000023   -0.166666666666674   -0.166666666666674    0.0046296296
   -0.333333333333349    0.000000000000000    0.000000000000000    0.0046296296
   -0.333333333333349    0.000000000000000    0.166666666666674    0.0046296296
   -0.333333333333349    0.000000000000000    0.333333333333349    0.0046296296
   -0.333333333333349    0.000000000000000    0.500000000000023    0.0046296296
   -0.333333333333349    0.000000000000000   -0.333333333333349    0.0046296296
   -0.333333333333349    0.000000000000000   -0.166666666666674    0.0046296296
   -0.333333333333349    0.166666666666674    0.000000000000000    0.0046296296
    0.666666666666698    0.166666666666674    0.166666666666674    0.0046296296
    0.666666666666697    0.166666666666674    0.333333333333349    0.0046296296
   -0.333333333333349    0.166666666666674   -0.500000000000023    0.0046296296
   -0.333333333333349   -0.833333333333372   -0.333333333333349    0.0046296296
   -0.333333333333349   -0.833333333333372   -0.166666666666674    0.0046296296
   -0.333333333333349    0.333333333333349    0.000000000000000    0.0046296296
    0.666666666666698    0.333333333333349    0.166666666666674    0.0046296296
    0.666666666666698    0.333333333333349    0.333333333333349    0.0046296296
    0.666666666666698    0.333333333333349    0.500000000000023    0.0046296296
   -0.333333333333349   -0.666666666666698   -0.333333333333349    0.0046296296
   -0.333333333333349   -0.666666666666698   -0.166666666666674    0.0046296296
   -0.333333333333349    0.500000000000023    0.000000000000000    0.0046296296
    0.666666666666697    0.500000000000023    0.166666666666674    0.0046296296
    0.666666666666697    0.500000000000023    0.333333333333349    0.0046296296
    0.666666666666698    0.500000000000023    0.500000000000023    0.0046296296
   -0.333333333333349   -0.500000000000023   -0.333333333333349    0.0046296296
   -0.333333333333349    0.500000000000023   -0.166666666666674    0.0046296296
   -0.333333333333349   -0.333333333333349    0.000000000000000    0.0046296296
   -0.333333333333349   -0.333333333333349   -0.833333333333372    0.0046296296
   -0.333333333333349   -0.333333333333349   -0.666666666666698    0.0046296296
   -0.333333333333349   -0.333333333333349   -0.500000000000023    0.0046296296
   -0.333333333333349   -0.333333333333349   -0.333333333333349    0.0046296296
   -0.333333333333349   -0.333333333333349   -0.166666666666674    0.0046296296
   -0.333333333333349   -0.166666666666674    0.000000000000000    0.0046296296
    0.666666666666698   -0.166666666666674    0.166666666666674    0.0046296296
   -0.333333333333349   -0.166666666666674    0.333333333333349    0.0046296296
   -0.333333333333349   -0.166666666666674    0.500000000000023    0.0046296296
   -0.333333333333349   -0.166666666666674   -0.333333333333349    0.0046296296
   -0.333333333333349   -0.166666666666674   -0.166666666666674    0.0046296296
   -0.166666666666674    0.000000000000000    0.000000000000000    0.0046296296
   -0.166666666666674    0.000000000000000    0.166666666666674    0.0046296296
   -0.166666666666674    0.000000000000000    0.333333333333349    0.0046296296
   -0.166666666666674    0.000000000000000    0.500000000000023    0.0046296296
   -0.166666666666674    0.000000000000000   -0.333333333333349    0.0046296296
   -0.166666666666674    0.000000000000000   -0.166666666666674    0.0046296296
   -0.166666666666674    0.166666666666674    0.000000000000000    0.0046296296
   -0.166666666666674    0.166666666666674    0.166666666666674    0.0046296296
   -0.166666666666674    0.166666666666674   -0.666666666666698    0.0046296296
   -0.166666666666674    0.166666666666674   -0.500000000000023    0.0046296296
   -0.166666666666674    0.166666666666674    0.666666666666698    0.0046296296
   -0.166666666666674    0.166666666666674   -0.166666666666674    0.0046296296
   -0.166666666666674    0.333333333333349    0.000000000000000    0.0046296296
   -0.166666666666674   -0.666666666666698    0.166666666666674    0.0046296296
    0.833333333333372    0.333333333333349    0.333333333333349    0.0046296296
   -0.166666666666674    0.333333333333349    0.500000000000023    0.0046296296
   -0.166666666666674    0.333333333333349   -0.333333333333349    0.0046296296
   -0.166666666666674   -0.666666666666698   -0.166666666666674    0.0046296296
   -0.166666666666674    0.500000000000023    0.000000000000000    0.0046296296
   -0.166666666666674   -0.500000000000023    0.166666666666674    0.0046296296
   -0.166666666666674    0.500000000000023    0.333333333333349    0.0046296296
    0.833333333333372    0.500000000000023    0.500000000000023    0.0046296296
   -0.166666666666674    0.500000000000023   -0.333333333333349    0.0046296296
   -0.166666666666674   -0.500000000000023   -0.166666666666674    0.0046296296
   -0.166666666666674   -0.333333333333349    0.000000000000000    0.0046296296
   -0.166666666666674   -0.333333333333349   -0.833333333333372    0.0046296296
   -0.166666666666674   -0.333333333333349    0.333333333333349    0.0046296296
   -0.166666666666674   -0.333333333333349    0.500000000000023    0.0046296296
   -0.166666666666674   -0.333333333333349   -0.333333333333349    0.0046296296
   -0.166666666666674   -0.333333333333349   -0.166666666666674    0.0046296296
   -0.166666666666674   -0.166666666666674    0.000000000000000    0.0046296296
   -0.166666666666674   -0.166666666666674    0.166666666666674    0.0046296296
   -0.166666666666674   -0.166666666666674   -0.666666666666698    0.0046296296
   -0.166666666666674   -0.166666666666674   -0.500000000000023    0.0046296296
   -0.166666666666674   -0.166666666666674   -0.333333333333349    0.0046296296
   -0.166666666666674   -0.166666666666674   -0.166666666666674    0.0046296296

     OPEN_GRID    :      2.49s CPU      2.99s WALL


   This run was terminated on:  16:38:39  12Feb2022            

=------------------------------------------------------------------------------=
   JOB DONE.
=------------------------------------------------------------------------------=

